[debug] > Exec(early(addDefaultCommands), None, None)
[debug] > Exec(addDefaultCommands, None, None)
[debug] > Exec(early(initialize), None, None)
[debug] > Exec(initialize, None, None)
[debug] > Exec(boot, None, None)
[debug] > Exec(writeSbtVersion, None, None)
[debug] > Exec(reload, None, None)
[debug] > Exec(sbtStashOnFailure, None, None)
[debug] > Exec(onFailure loadFailed, None, None)
[debug] > Exec(loadp, None, None)
[info] welcome to sbt 1.10.6 (Red Hat, Inc. Java 23.0.1)
[debug] Load.defaultLoad until apply took 77.865822ms
[debug]           Load.loadUnit: plugins took 52.859828ms
[debug]           Load.loadUnit: defsScala took 0.329754ms
[debug] [Loading] Scanning directory /home/davi/Documents/UFC/SISTEMAS DISTRIBUIDOS/trabalhos/atividade_01/server/project
[debug] [Loading] Found non-root projects 
[debug] [Loading] Done in /home/davi/Documents/UFC/SISTEMAS DISTRIBUIDOS/trabalhos/atividade_01/server/project, returning: ()
[debug] deducing auto plugins based on known facts Set(Atom(sbt.plugins.CorePlugin)) and clauses Clauses(Clause(Atom(sbt.plugins.JvmPlugin),Set(Atom(sbt.plugins.IvyPlugin)))
[debug] Clause(Atom(sbt.ScriptedPlugin),Set(Atom(sbt.plugins.JvmPlugin)))
[debug] Clause(Atom(sbt.plugins.SbtPlugin),Set(Atom(sbt.ScriptedPlugin)))
[debug] Clause(Atom(sbt.plugins.SemanticdbPlugin),Set(Atom(sbt.plugins.JvmPlugin)))
[debug] Clause(Atom(sbt.plugins.JUnitXmlReportPlugin),Set(Atom(sbt.plugins.JvmPlugin)))
[debug] Clause(Atom(sbt.plugins.MiniDependencyTreePlugin),Set(Atom(sbt.plugins.JvmPlugin)))
[debug] Clause(Atom(sbt.plugins.CorePlugin),Set(Atom(sbt.plugins.IvyPlugin)))
[debug] Clause(Atom(sbt.plugins.IvyPlugin),Set(Atom(sbt.plugins.JvmPlugin)))
[debug] Clause(Atom(sbt.plugins.JvmPlugin),Set(Atom(sbt.plugins.SemanticdbPlugin)))
[debug] Clause(Atom(sbt.plugins.JvmPlugin),Set(Atom(sbt.plugins.JUnitXmlReportPlugin)))
[debug] Clause(Atom(sbt.plugins.CorePlugin),Set(Atom(sbt.plugins.Giter8TemplatePlugin)))
[debug] Clause(Atom(sbt.plugins.JvmPlugin),Set(Atom(sbt.plugins.MiniDependencyTreePlugin))))
[debug]   :: deduced result: Matched(sbt.plugins.CorePlugin,sbt.plugins.Giter8TemplatePlugin,sbt.plugins.IvyPlugin,sbt.plugins.JvmPlugin,sbt.plugins.MiniDependencyTreePlugin,sbt.plugins.JUnitXmlReportPlugin,sbt.plugins.SemanticdbPlugin)
[debug] Plugins.deducer#function took 16.244887 ms
[debug]               Load.resolveProject(server-build) took 36.339304ms
[debug]             Load.loadTransitive: finalizeProject(Project(id server-build, base: /home/davi/Documents/UFC/SISTEMAS DISTRIBUIDOS/trabalhos/atividade_01/server/project, plugins: List(<none>))) took 70.398976ms
[debug] [Loading] Done in /home/davi/Documents/UFC/SISTEMAS DISTRIBUIDOS/trabalhos/atividade_01/server/project, returning: (server-build)
[debug]           Load.loadUnit: loadedProjectsRaw took 88.010202ms
[debug]           Load.loadUnit: cleanEvalClasses took 0.23933ms
[debug]         Load.loadUnit(file:/home/davi/Documents/UFC/SISTEMAS%20DISTRIBUIDOS/trabalhos/atividade_01/server/project/, ...) took 147.116919ms
[debug]       Load.apply: load took 291.254573ms
[debug]       Load.apply: resolveProjects took 5.065478ms
[debug]       Load.apply: finalTransforms took 49.360811ms
[debug]       Load.apply: config.delegates took 3.517403ms
[debug]       Load.apply: Def.make(settings)... took 260.188798ms
[debug]       Load.apply: structureIndex took 65.143142ms
[debug]       Load.apply: mkStreams took 0.858626ms
[info] loading project definition from /home/davi/Documents/UFC/SISTEMAS DISTRIBUIDOS/trabalhos/atividade_01/server/project
[debug] Running task... Cancel: Signal, check cycles: false, forcegc: true
[debug]     Load.loadUnit: plugins took 1158.522422ms
[debug]     Load.loadUnit: defsScala took 0.003595ms
[debug] [Loading] Scanning directory /home/davi/Documents/UFC/SISTEMAS DISTRIBUIDOS/trabalhos/atividade_01/server
[debug]       Load.loadUnit: mkEval took 3.389412ms
[debug] [Loading] Found non-root projects 
[debug] [Loading] Done in /home/davi/Documents/UFC/SISTEMAS DISTRIBUIDOS/trabalhos/atividade_01/server, returning: ()
[debug] deducing auto plugins based on known facts Set(Atom(sbt.plugins.CorePlugin)) and clauses Clauses(Clause(Atom(sbt.plugins.JvmPlugin),Set(Atom(sbt.plugins.IvyPlugin)))
[debug] Clause(Atom(sbt.ScriptedPlugin),Set(Atom(sbt.plugins.JvmPlugin)))
[debug] Clause(Atom(sbt.plugins.SbtPlugin),Set(Atom(sbt.ScriptedPlugin)))
[debug] Clause(Atom(sbt.plugins.SemanticdbPlugin),Set(Atom(sbt.plugins.JvmPlugin)))
[debug] Clause(Atom(sbt.plugins.JUnitXmlReportPlugin),Set(Atom(sbt.plugins.JvmPlugin)))
[debug] Clause(Atom(sbt.plugins.MiniDependencyTreePlugin),Set(Atom(sbt.plugins.JvmPlugin)))
[debug] Clause(Atom(sbt.plugins.CorePlugin),Set(Atom(sbt.plugins.IvyPlugin)))
[debug] Clause(Atom(sbt.plugins.IvyPlugin),Set(Atom(sbt.plugins.JvmPlugin)))
[debug] Clause(Atom(sbt.plugins.JvmPlugin),Set(Atom(sbt.plugins.SemanticdbPlugin)))
[debug] Clause(Atom(sbt.plugins.JvmPlugin),Set(Atom(sbt.plugins.JUnitXmlReportPlugin)))
[debug] Clause(Atom(sbt.plugins.CorePlugin),Set(Atom(sbt.plugins.Giter8TemplatePlugin)))
[debug] Clause(Atom(sbt.plugins.JvmPlugin),Set(Atom(sbt.plugins.MiniDependencyTreePlugin))))
[debug]   :: deduced result: Matched(sbt.plugins.CorePlugin,sbt.plugins.Giter8TemplatePlugin,sbt.plugins.IvyPlugin,sbt.plugins.JvmPlugin,sbt.plugins.MiniDependencyTreePlugin,sbt.plugins.JUnitXmlReportPlugin,sbt.plugins.SemanticdbPlugin)
[debug] Plugins.deducer#function took 2.012895 ms
[info] loading settings for project server from build.sbt...
[debug]         Load.resolveProject(server) took 2.473029ms
[debug]       Load.loadTransitive: finalizeProject(Project(id server, base: /home/davi/Documents/UFC/SISTEMAS DISTRIBUIDOS/trabalhos/atividade_01/server, plugins: List(<none>))) took 5.024443ms
[debug] [Loading] Done in /home/davi/Documents/UFC/SISTEMAS DISTRIBUIDOS/trabalhos/atividade_01/server, returning: (server)
[debug]     Load.loadUnit: loadedProjectsRaw took 100.187837ms
[debug]     Load.loadUnit: cleanEvalClasses took 3.918614ms
[debug]   Load.loadUnit(file:/home/davi/Documents/UFC/SISTEMAS%20DISTRIBUIDOS/trabalhos/atividade_01/server/, ...) took 1263.805678ms
[debug] Load.apply: load took 1278.382779ms
[debug] Load.apply: resolveProjects took 0.153272ms
[debug] Load.apply: finalTransforms took 9.21721ms
[debug] Load.apply: config.delegates took 0.539192ms
[debug] Load.apply: Def.make(settings)... took 69.639706ms
[debug] Load.apply: structureIndex took 31.450912ms
[debug] Load.apply: mkStreams took 0.002429ms
[info] set current project to server (in build file:/home/davi/Documents/UFC/SISTEMAS%20DISTRIBUIDOS/trabalhos/atividade_01/server/)
[debug] > Exec(sbtPopOnFailure, None, None)
[debug] > Exec(resumeFromFailure, None, None)
[debug] > Exec(notifyUsersAboutShell, None, None)
[debug] > Exec(iflast shell, None, None)
[debug] > Exec(run, None, None)
[debug] Evaluating tasks: Compile / run
[debug] Running task... Cancel: Signal, check cycles: false, forcegc: true
