[debug] > Exec(early(addDefaultCommands), None, None)
[debug] > Exec(addDefaultCommands, None, None)
[debug] > Exec(early(initialize), None, None)
[debug] > Exec(initialize, None, None)
[debug] > Exec(boot, None, None)
[debug] > Exec(writeSbtVersion, None, None)
[debug] > Exec(reload, None, None)
[debug] > Exec(sbtStashOnFailure, None, None)
[debug] > Exec(onFailure loadFailed, None, None)
[debug] > Exec(loadp, None, None)
[info] welcome to sbt 1.10.6 (Red Hat, Inc. Java 23.0.1)
[debug] Load.defaultLoad until apply took 52.296193ms
[debug]           Load.loadUnit: plugins took 33.707911ms
[debug]           Load.loadUnit: defsScala took 0.194078ms
[debug] [Loading] Scanning directory /home/davi/Documents/UFC/SISTEMAS DISTRIBUIDOS/trabalhos/atividade_01/server/project
[debug] [Loading] Found non-root projects 
[debug] [Loading] Done in /home/davi/Documents/UFC/SISTEMAS DISTRIBUIDOS/trabalhos/atividade_01/server/project, returning: ()
[debug] deducing auto plugins based on known facts Set(Atom(sbt.plugins.CorePlugin)) and clauses Clauses(Clause(Atom(sbt.plugins.JvmPlugin),Set(Atom(sbt.plugins.IvyPlugin)))
[debug] Clause(Atom(sbt.ScriptedPlugin),Set(Atom(sbt.plugins.JvmPlugin)))
[debug] Clause(Atom(sbt.plugins.SbtPlugin),Set(Atom(sbt.ScriptedPlugin)))
[debug] Clause(Atom(sbt.plugins.SemanticdbPlugin),Set(Atom(sbt.plugins.JvmPlugin)))
[debug] Clause(Atom(sbt.plugins.JUnitXmlReportPlugin),Set(Atom(sbt.plugins.JvmPlugin)))
[debug] Clause(Atom(sbt.plugins.MiniDependencyTreePlugin),Set(Atom(sbt.plugins.JvmPlugin)))
[debug] Clause(Atom(sbt.plugins.CorePlugin),Set(Atom(sbt.plugins.IvyPlugin)))
[debug] Clause(Atom(sbt.plugins.IvyPlugin),Set(Atom(sbt.plugins.JvmPlugin)))
[debug] Clause(Atom(sbt.plugins.JvmPlugin),Set(Atom(sbt.plugins.SemanticdbPlugin)))
[debug] Clause(Atom(sbt.plugins.JvmPlugin),Set(Atom(sbt.plugins.JUnitXmlReportPlugin)))
[debug] Clause(Atom(sbt.plugins.CorePlugin),Set(Atom(sbt.plugins.Giter8TemplatePlugin)))
[debug] Clause(Atom(sbt.plugins.JvmPlugin),Set(Atom(sbt.plugins.MiniDependencyTreePlugin))))
[debug]   :: deduced result: Matched(sbt.plugins.CorePlugin,sbt.plugins.Giter8TemplatePlugin,sbt.plugins.IvyPlugin,sbt.plugins.JvmPlugin,sbt.plugins.MiniDependencyTreePlugin,sbt.plugins.JUnitXmlReportPlugin,sbt.plugins.SemanticdbPlugin)
[debug] Plugins.deducer#function took 11.799566 ms
[debug]               Load.resolveProject(server-build) took 27.138853ms
[debug]             Load.loadTransitive: finalizeProject(Project(id server-build, base: /home/davi/Documents/UFC/SISTEMAS DISTRIBUIDOS/trabalhos/atividade_01/server/project, plugins: List(<none>))) took 51.812317ms
[debug] [Loading] Done in /home/davi/Documents/UFC/SISTEMAS DISTRIBUIDOS/trabalhos/atividade_01/server/project, returning: (server-build)
[debug]           Load.loadUnit: loadedProjectsRaw took 64.835754ms
[debug]           Load.loadUnit: cleanEvalClasses took 0.204854ms
[debug]         Load.loadUnit(file:/home/davi/Documents/UFC/SISTEMAS%20DISTRIBUIDOS/trabalhos/atividade_01/server/project/, ...) took 102.712132ms
[debug]       Load.apply: load took 239.823345ms
[debug]       Load.apply: resolveProjects took 5.902817ms
[debug]       Load.apply: finalTransforms took 40.97627ms
[debug]       Load.apply: config.delegates took 3.662822ms
[debug]       Load.apply: Def.make(settings)... took 277.001496ms
[debug]       Load.apply: structureIndex took 86.177364ms
[debug]       Load.apply: mkStreams took 1.283462ms
[info] loading project definition from /home/davi/Documents/UFC/SISTEMAS DISTRIBUIDOS/trabalhos/atividade_01/server/project
[debug] Running task... Cancel: Signal, check cycles: false, forcegc: true
[debug]     Load.loadUnit: plugins took 1195.517902ms
[debug]     Load.loadUnit: defsScala took 0.003008ms
[debug] [Loading] Scanning directory /home/davi/Documents/UFC/SISTEMAS DISTRIBUIDOS/trabalhos/atividade_01/server
[debug]       Load.loadUnit: mkEval took 3.179575ms
[debug] [Loading] Found non-root projects 
[debug] [Loading] Done in /home/davi/Documents/UFC/SISTEMAS DISTRIBUIDOS/trabalhos/atividade_01/server, returning: ()
[debug] deducing auto plugins based on known facts Set(Atom(sbt.plugins.CorePlugin)) and clauses Clauses(Clause(Atom(sbt.plugins.JvmPlugin),Set(Atom(sbt.plugins.IvyPlugin)))
[debug] Clause(Atom(sbt.ScriptedPlugin),Set(Atom(sbt.plugins.JvmPlugin)))
[debug] Clause(Atom(sbt.plugins.SbtPlugin),Set(Atom(sbt.ScriptedPlugin)))
[debug] Clause(Atom(sbt.plugins.SemanticdbPlugin),Set(Atom(sbt.plugins.JvmPlugin)))
[debug] Clause(Atom(sbt.plugins.JUnitXmlReportPlugin),Set(Atom(sbt.plugins.JvmPlugin)))
[debug] Clause(Atom(sbt.plugins.MiniDependencyTreePlugin),Set(Atom(sbt.plugins.JvmPlugin)))
[debug] Clause(Atom(sbt.plugins.CorePlugin),Set(Atom(sbt.plugins.IvyPlugin)))
[debug] Clause(Atom(sbt.plugins.IvyPlugin),Set(Atom(sbt.plugins.JvmPlugin)))
[debug] Clause(Atom(sbt.plugins.JvmPlugin),Set(Atom(sbt.plugins.SemanticdbPlugin)))
[debug] Clause(Atom(sbt.plugins.JvmPlugin),Set(Atom(sbt.plugins.JUnitXmlReportPlugin)))
[debug] Clause(Atom(sbt.plugins.CorePlugin),Set(Atom(sbt.plugins.Giter8TemplatePlugin)))
[debug] Clause(Atom(sbt.plugins.JvmPlugin),Set(Atom(sbt.plugins.MiniDependencyTreePlugin))))
[debug]   :: deduced result: Matched(sbt.plugins.CorePlugin,sbt.plugins.Giter8TemplatePlugin,sbt.plugins.IvyPlugin,sbt.plugins.JvmPlugin,sbt.plugins.MiniDependencyTreePlugin,sbt.plugins.JUnitXmlReportPlugin,sbt.plugins.SemanticdbPlugin)
[debug] Plugins.deducer#function took 1.072126 ms
[info] loading settings for project server from build.sbt...
[debug]         Load.resolveProject(server) took 1.438079ms
[debug]       Load.loadTransitive: finalizeProject(Project(id server, base: /home/davi/Documents/UFC/SISTEMAS DISTRIBUIDOS/trabalhos/atividade_01/server, plugins: List(<none>))) took 2.862392ms
[debug] [Loading] Done in /home/davi/Documents/UFC/SISTEMAS DISTRIBUIDOS/trabalhos/atividade_01/server, returning: (server)
[debug]     Load.loadUnit: loadedProjectsRaw took 67.972941ms
[debug]     Load.loadUnit: cleanEvalClasses took 2.816633ms
[debug]   Load.loadUnit(file:/home/davi/Documents/UFC/SISTEMAS%20DISTRIBUIDOS/trabalhos/atividade_01/server/, ...) took 1267.495044ms
[debug] Load.apply: load took 1277.87928ms
[debug] Load.apply: resolveProjects took 0.103786ms
[debug] Load.apply: finalTransforms took 6.475436ms
[debug] Load.apply: config.delegates took 0.461128ms
[debug] Load.apply: Def.make(settings)... took 62.337789ms
[debug] Load.apply: structureIndex took 29.974388ms
[debug] Load.apply: mkStreams took 0.003102ms
[info] set current project to server (in build file:/home/davi/Documents/UFC/SISTEMAS%20DISTRIBUIDOS/trabalhos/atividade_01/server/)
[debug] > Exec(sbtPopOnFailure, None, None)
[debug] > Exec(resumeFromFailure, None, None)
[debug] > Exec(notifyUsersAboutShell, None, None)
[debug] > Exec(iflast shell, None, None)
[debug] > Exec(run, None, None)
[debug] Evaluating tasks: Compile / run
[debug] Running task... Cancel: Signal, check cycles: false, forcegc: true
